<?xml version="1.0" encoding="UTF-8"?>
<testng-results skipped="0" failed="0" ignored="0" total="1" passed="1">
  <reporter-output>
    <line>
      <![CDATA[Customer Created Successfully]]>
    </line>
  </reporter-output>
  <suite name="Default suite" duration-ms="61982" started-at="2020-03-12T06:10:26Z" finished-at="2020-03-12T06:11:28Z">
    <groups>
    </groups>
    <test name="Default test" duration-ms="61982" started-at="2020-03-12T06:10:26Z" finished-at="2020-03-12T06:11:28Z">
      <class name="com.actitime.test.CustomerTest">
        <test-method status="PASS" signature="openBrowser()[pri:0, instance:com.actitime.test.CustomerTest@46d56d67]" name="openBrowser" is-config="true" duration-ms="15018" started-at="2020-03-12T06:10:26Z" finished-at="2020-03-12T06:10:42Z">
          <reporter-output>
          </reporter-output>
        </test-method> <!-- openBrowser -->
        <test-method status="PASS" signature="login()[pri:0, instance:com.actitime.test.CustomerTest@46d56d67]" name="login" is-config="true" duration-ms="14240" started-at="2020-03-12T06:10:42Z" finished-at="2020-03-12T06:10:57Z">
          <reporter-output>
          </reporter-output>
        </test-method> <!-- login -->
        <test-method status="PASS" signature="testCreateCustomer()[pri:0, instance:com.actitime.test.CustomerTest@46d56d67]" name="testCreateCustomer" duration-ms="24982" started-at="2020-03-12T06:10:57Z" finished-at="2020-03-12T06:11:22Z">
          <reporter-output>
            <line>
              <![CDATA[Customer Created Successfully]]>
            </line>
          </reporter-output>
        </test-method> <!-- testCreateCustomer -->
        <test-method status="PASS" signature="logout()[pri:0, instance:com.actitime.test.CustomerTest@46d56d67]" name="logout" is-config="true" duration-ms="2697" started-at="2020-03-12T06:11:22Z" finished-at="2020-03-12T06:11:24Z">
          <reporter-output>
          </reporter-output>
        </test-method> <!-- logout -->
        <test-method status="PASS" signature="closeBrowser()[pri:0, instance:com.actitime.test.CustomerTest@46d56d67]" name="closeBrowser" is-config="true" duration-ms="4198" started-at="2020-03-12T06:11:24Z" finished-at="2020-03-12T06:11:28Z">
          <reporter-output>
          </reporter-output>
        </test-method> <!-- closeBrowser -->
      </class> <!-- com.actitime.test.CustomerTest -->
    </test> <!-- Default test -->
  </suite> <!-- Default suite -->
</testng-results>
